TN:
SF:index.js
FN:20,echo
FN:33,Options
FN:45,Store
FN:61,(anonymous_4)
FN:67,(anonymous_5)
FN:69,(anonymous_6)
FN:82,Iterator
FN:87,(anonymous_8)
FN:98,(anonymous_9)
FN:99,(anonymous_10)
FN:102,(anonymous_11)
FN:104,(anonymous_12)
FN:111,(anonymous_13)
FN:116,Locket
FN:124,(anonymous_15)
FN:132,(anonymous_16)
FN:133,(anonymous_17)
FN:134,(anonymous_18)
FN:139,(anonymous_19)
FN:140,(anonymous_20)
FN:143,(anonymous_21)
FN:144,(anonymous_22)
FN:150,(anonymous_23)
FN:154,(anonymous_24)
FN:156,(anonymous_25)
FN:158,(anonymous_26)
FN:160,(anonymous_27)
FN:165,(anonymous_28)
FN:168,(anonymous_29)
FN:169,(anonymous_30)
FN:171,(anonymous_31)
FN:179,(anonymous_32)
FN:185,(anonymous_33)
FN:186,(anonymous_34)
FN:190,(anonymous_35)
FN:194,(anonymous_36)
FN:211,(anonymous_37)
FN:214,(anonymous_38)
FN:216,(anonymous_39)
FN:221,(anonymous_40)
FN:222,(anonymous_41)
FN:223,(anonymous_42)
FN:225,(anonymous_43)
FN:227,(anonymous_44)
FN:231,(anonymous_45)
FN:234,(anonymous_46)
FN:237,(anonymous_47)
FN:244,(anonymous_48)
FN:245,(anonymous_49)
FN:247,(anonymous_50)
FN:248,(anonymous_51)
FN:250,(anonymous_52)
FN:262,(anonymous_53)
FN:268,(anonymous_54)
FN:270,(anonymous_55)
FN:271,(anonymous_56)
FN:273,(anonymous_57)
FN:286,(anonymous_58)
FN:290,(anonymous_59)
FN:294,(anonymous_60)
FN:298,(anonymous_61)
FN:299,(anonymous_62)
FN:302,(anonymous_63)
FN:304,(anonymous_64)
FN:305,(anonymous_65)
FN:306,(anonymous_66)
FN:311,(anonymous_67)
FN:317,(anonymous_68)
FN:318,(anonymous_69)
FN:320,(anonymous_70)
FN:325,(anonymous_71)
FN:326,(anonymous_72)
FN:327,(anonymous_73)
FN:329,(anonymous_74)
FN:332,(anonymous_75)
FN:333,(anonymous_76)
FN:336,(anonymous_77)
FN:337,(anonymous_78)
FN:340,(anonymous_79)
FN:343,(anonymous_80)
FN:346,(anonymous_81)
FN:349,(anonymous_82)
FN:364,(anonymous_83)
FN:365,(anonymous_84)
FN:366,(anonymous_85)
FN:371,(anonymous_86)
FN:373,(anonymous_87)
FN:380,(anonymous_88)
FN:382,(anonymous_89)
FN:383,(anonymous_90)
FN:384,(anonymous_91)
FN:386,(anonymous_92)
FN:391,(anonymous_93)
FN:394,(anonymous_94)
FN:395,(anonymous_95)
FN:397,(anonymous_96)
FN:398,(anonymous_97)
FN:400,(anonymous_98)
FN:408,(anonymous_99)
FN:409,(anonymous_100)
FN:410,(anonymous_101)
FN:414,(anonymous_102)
FN:416,(anonymous_103)
FN:418,(anonymous_104)
FN:419,(anonymous_105)
FN:421,(anonymous_106)
FN:429,(anonymous_107)
FN:430,(anonymous_108)
FN:431,(anonymous_109)
FN:433,(anonymous_110)
FN:436,(anonymous_111)
FNF:111
FNH:107
FNDA:120,echo
FNDA:218,Options
FNDA:32,Store
FNDA:0,(anonymous_4)
FNDA:0,(anonymous_5)
FNDA:0,(anonymous_6)
FNDA:132,Iterator
FNDA:125,(anonymous_8)
FNDA:2143,(anonymous_9)
FNDA:2143,(anonymous_10)
FNDA:2143,(anonymous_11)
FNDA:2143,(anonymous_12)
FNDA:132,(anonymous_13)
FNDA:42,Locket
FNDA:135,(anonymous_15)
FNDA:135,(anonymous_16)
FNDA:135,(anonymous_17)
FNDA:272,(anonymous_18)
FNDA:135,(anonymous_19)
FNDA:2143,(anonymous_20)
FNDA:135,(anonymous_21)
FNDA:2102,(anonymous_22)
FNDA:29,(anonymous_23)
FNDA:29,(anonymous_24)
FNDA:29,(anonymous_25)
FNDA:29,(anonymous_26)
FNDA:29,(anonymous_27)
FNDA:33,(anonymous_28)
FNDA:33,(anonymous_29)
FNDA:33,(anonymous_30)
FNDA:27,(anonymous_31)
FNDA:31,(anonymous_32)
FNDA:24,(anonymous_33)
FNDA:13,(anonymous_34)
FNDA:100,(anonymous_35)
FNDA:28,(anonymous_36)
FNDA:28,(anonymous_37)
FNDA:28,(anonymous_38)
FNDA:28,(anonymous_39)
FNDA:0,(anonymous_40)
FNDA:28,(anonymous_41)
FNDA:3,(anonymous_42)
FNDA:3,(anonymous_43)
FNDA:3,(anonymous_44)
FNDA:28,(anonymous_45)
FNDA:28,(anonymous_46)
FNDA:28,(anonymous_47)
FNDA:28,(anonymous_48)
FNDA:28,(anonymous_49)
FNDA:28,(anonymous_50)
FNDA:30,(anonymous_51)
FNDA:30,(anonymous_52)
FNDA:86,(anonymous_53)
FNDA:86,(anonymous_54)
FNDA:86,(anonymous_55)
FNDA:86,(anonymous_56)
FNDA:86,(anonymous_57)
FNDA:23,(anonymous_58)
FNDA:15,(anonymous_59)
FNDA:132,(anonymous_60)
FNDA:1,(anonymous_61)
FNDA:1,(anonymous_62)
FNDA:1,(anonymous_63)
FNDA:1,(anonymous_64)
FNDA:1,(anonymous_65)
FNDA:1,(anonymous_66)
FNDA:1,(anonymous_67)
FNDA:1,(anonymous_68)
FNDA:1,(anonymous_69)
FNDA:1,(anonymous_70)
FNDA:1,(anonymous_71)
FNDA:1,(anonymous_72)
FNDA:1,(anonymous_73)
FNDA:1,(anonymous_74)
FNDA:1,(anonymous_75)
FNDA:3,(anonymous_76)
FNDA:1,(anonymous_77)
FNDA:1,(anonymous_78)
FNDA:3,(anonymous_79)
FNDA:1,(anonymous_80)
FNDA:1,(anonymous_81)
FNDA:1,(anonymous_82)
FNDA:1,(anonymous_83)
FNDA:1,(anonymous_84)
FNDA:1,(anonymous_85)
FNDA:1,(anonymous_86)
FNDA:1,(anonymous_87)
FNDA:57,(anonymous_88)
FNDA:57,(anonymous_89)
FNDA:57,(anonymous_90)
FNDA:57,(anonymous_91)
FNDA:179,(anonymous_92)
FNDA:179,(anonymous_93)
FNDA:57,(anonymous_94)
FNDA:57,(anonymous_95)
FNDA:57,(anonymous_96)
FNDA:57,(anonymous_97)
FNDA:57,(anonymous_98)
FNDA:3,(anonymous_99)
FNDA:3,(anonymous_100)
FNDA:6,(anonymous_101)
FNDA:3,(anonymous_102)
FNDA:3,(anonymous_103)
FNDA:3,(anonymous_104)
FNDA:18,(anonymous_105)
FNDA:18,(anonymous_106)
FNDA:25,(anonymous_107)
FNDA:23,(anonymous_108)
FNDA:72,(anonymous_109)
FNDA:26,(anonymous_110)
FNDA:23,(anonymous_111)
DA:1,24
DA:3,24
DA:4,24
DA:5,24
DA:6,24
DA:8,24
DA:9,24
DA:10,24
DA:11,24
DA:12,24
DA:14,24
DA:15,24
DA:17,24
DA:18,24
DA:20,120
DA:22,24
DA:33,24
DA:34,218
DA:35,408
DA:37,218
DA:38,350
DA:39,264
DA:44,24
DA:45,24
DA:46,32
DA:47,32
DA:48,32
DA:49,32
DA:50,32
DA:61,24
DA:62,0
DA:63,0
DA:64,0
DA:66,0
DA:67,0
DA:68,0
DA:70,0
DA:71,0
DA:82,24
DA:83,132
DA:84,132
DA:86,132
DA:87,132
DA:88,125
DA:90,132
DA:91,132
DA:96,24
DA:98,24
DA:99,2143
DA:100,2143
DA:101,132
DA:103,2143
DA:105,2143
DA:106,2062
DA:111,24
DA:112,132
DA:113,132
DA:116,24
DA:117,42
DA:118,38
DA:119,36
DA:120,36
DA:122,24
DA:124,24
DA:125,135
DA:126,135
DA:127,606
DA:129,135
DA:132,24
DA:133,135
DA:134,135
DA:135,272
DA:140,135
DA:141,2143
DA:144,135
DA:145,2102
DA:150,24
DA:151,29
DA:152,29
DA:154,29
DA:155,29
DA:157,29
DA:159,29
DA:161,29
DA:165,24
DA:166,33
DA:167,33
DA:168,33
DA:169,33
DA:170,33
DA:172,27
DA:173,25
DA:174,25
DA:176,2
DA:180,31
DA:181,2
DA:183,29
DA:184,29
DA:185,24
DA:186,13
DA:187,1
DA:190,25
DA:191,100
DA:195,28
DA:204,28
DA:205,28
DA:210,28
DA:212,28
DA:213,28
DA:215,28
DA:218,28
DA:219,0
DA:221,28
DA:222,28
DA:223,28
DA:224,3
DA:225,3
DA:226,3
DA:228,3
DA:232,28
DA:233,28
DA:235,28
DA:238,28
DA:239,28
DA:240,28
DA:241,28
DA:242,28
DA:243,28
DA:245,28
DA:246,28
DA:248,28
DA:249,30
DA:251,30
DA:252,2
DA:253,2
DA:255,28
DA:262,24
DA:263,86
DA:264,86
DA:265,86
DA:267,86
DA:268,86
DA:269,86
DA:271,86
DA:272,86
DA:274,86
DA:275,49
DA:276,2
DA:278,49
DA:280,37
DA:286,24
DA:287,23
DA:290,24
DA:291,15
DA:294,24
DA:295,132
DA:298,24
DA:299,1
DA:302,24
DA:303,1
DA:304,1
DA:305,1
DA:311,1
DA:316,1
DA:318,1
DA:319,1
DA:321,1
DA:322,1
DA:326,1
DA:329,1
DA:330,1
DA:333,1
DA:334,3
DA:337,1
DA:340,1
DA:341,3
DA:344,1
DA:349,1
DA:350,1
DA:364,1
DA:366,1
DA:367,1
DA:368,1
DA:369,1
DA:371,1
DA:372,1
DA:380,24
DA:381,57
DA:382,57
DA:383,57
DA:385,57
DA:386,57
DA:387,179
DA:388,179
DA:389,179
DA:391,57
DA:392,179
DA:395,57
DA:396,57
DA:398,57
DA:399,57
DA:401,57
DA:402,57
DA:408,24
DA:409,3
DA:410,3
DA:411,6
DA:413,3
DA:415,3
DA:416,3
DA:417,3
DA:419,3
DA:420,18
DA:422,18
DA:423,3
DA:429,24
DA:430,25
DA:431,23
DA:432,72
DA:434,26
DA:437,23
LF:221
LH:212
BRDA:38,1,0,264
BRDA:38,1,1,86
BRDA:63,2,0,0
BRDA:63,2,1,0
BRDA:70,3,0,0
BRDA:70,3,1,0
BRDA:88,4,0,86
BRDA:88,4,1,39
BRDA:92,5,0,91
BRDA:92,5,1,41
BRDA:93,6,0,92
BRDA:93,6,1,40
BRDA:100,7,0,2011
BRDA:100,7,1,132
BRDA:105,8,0,2062
BRDA:105,8,1,81
BRDA:117,9,0,4
BRDA:117,9,1,38
BRDA:172,10,0,25
BRDA:172,10,1,2
BRDA:172,11,0,27
BRDA:172,11,1,13
BRDA:180,12,0,2
BRDA:180,12,1,29
BRDA:180,13,0,31
BRDA:180,13,1,6
BRDA:184,14,0,4
BRDA:184,14,1,25
BRDA:186,15,0,1
BRDA:186,15,1,3
BRDA:186,16,0,4
BRDA:186,16,1,3
BRDA:204,17,0,25
BRDA:204,17,1,3
BRDA:210,18,0,25
BRDA:210,18,1,3
BRDA:218,19,0,0
BRDA:218,19,1,28
BRDA:218,20,0,28
BRDA:218,20,1,3
BRDA:233,21,0,3
BRDA:233,21,1,25
BRDA:251,22,0,2
BRDA:251,22,1,28
BRDA:264,23,0,86
BRDA:264,23,1,0
BRDA:274,24,0,49
BRDA:274,24,1,37
BRDA:274,25,0,86
BRDA:274,25,1,51
BRDA:274,25,2,51
BRDA:275,26,0,2
BRDA:275,26,1,47
BRDA:411,27,0,0
BRDA:411,27,1,6
BRDA:422,28,0,15
BRDA:422,28,1,3
BRDA:430,29,0,23
BRDA:430,29,1,2
BRF:59
BRH:52
end_of_record
