TN:
SF:index.js
FN:13,Locket
FN:20,(anonymous_2)
FN:22,(anonymous_3)
FN:23,(anonymous_4)
FN:25,(anonymous_5)
FN:33,(anonymous_6)
FN:36,(anonymous_7)
FN:37,(anonymous_8)
FN:41,(anonymous_9)
FN:45,(anonymous_10)
FN:51,(anonymous_11)
FN:57,(anonymous_12)
FN:58,(anonymous_13)
FN:60,(anonymous_14)
FNF:14
FNH:14
FNDA:7,Locket
FNDA:4,(anonymous_2)
FNDA:4,(anonymous_3)
FNDA:7,(anonymous_4)
FNDA:2,(anonymous_5)
FNDA:3,(anonymous_6)
FNDA:7,(anonymous_7)
FNDA:5,(anonymous_8)
FNDA:4,(anonymous_9)
FNDA:2,(anonymous_10)
FNDA:2,(anonymous_11)
FNDA:3,(anonymous_12)
FNDA:2,(anonymous_13)
FNDA:2,(anonymous_14)
DA:1,3
DA:3,3
DA:4,3
DA:6,3
DA:7,3
DA:8,3
DA:10,3
DA:11,3
DA:13,3
DA:14,7
DA:15,6
DA:18,3
DA:20,3
DA:21,4
DA:22,4
DA:23,4
DA:24,7
DA:26,2
DA:27,1
DA:28,1
DA:30,1
DA:34,3
DA:35,3
DA:36,7
DA:37,5
DA:38,1
DA:41,1
DA:42,4
DA:46,2
DA:50,2
DA:52,2
DA:53,2
DA:57,3
DA:58,3
DA:59,2
DA:61,2
LF:36
LH:36
BRDA:14,1,0,1
BRDA:14,1,1,6
BRDA:26,2,0,1
BRDA:26,2,1,1
BRDA:35,3,0,2
BRDA:35,3,1,1
BRDA:37,4,0,1
BRDA:37,4,1,1
BRDA:37,5,0,2
BRDA:37,5,1,2
BRDA:50,6,0,1
BRDA:50,6,1,1
BRDA:58,7,0,2
BRDA:58,7,1,1
BRF:14
BRH:14
end_of_record
